

============================== 2022-10-17 15:36:09.731983 | f321e1c1-48b9-451d-9969-2f0f230d3d6c ==============================
[0m15:36:09.731983 [info ] [MainThread]: Running with dbt=1.3.0
[0m15:36:09.731983 [debug] [MainThread]: running dbt with arguments {'write_json': True, 'use_colors': True, 'printer_width': 80, 'version_check': True, 'partial_parse': True, 'static_parser': True, 'profiles_dir': 'C:\\Users\\Rob\\.dbt', 'send_anonymous_usage_stats': True, 'event_buffer_size': 100000, 'quiet': False, 'no_print': False, 'project_name': 'nfl_roster', 'skip_profile_setup': False, 'which': 'init', 'indirect_selection': 'eager'}
[0m15:36:09.731983 [debug] [MainThread]: Tracking: tracking
[0m15:36:09.731983 [debug] [MainThread]: Sending event: {'category': 'dbt', 'action': 'invocation', 'label': 'start', 'context': [<snowplow_tracker.self_describing_json.SelfDescribingJson object at 0x0000021B23E10370>, <snowplow_tracker.self_describing_json.SelfDescribingJson object at 0x0000021B23E10310>, <snowplow_tracker.self_describing_json.SelfDescribingJson object at 0x0000021B23E101F0>]}
[0m15:36:09.731983 [info ] [MainThread]: Creating dbt configuration folder at C:\Users\Rob\.dbt
[0m15:36:09.731983 [debug] [MainThread]: Starter project path: c:\users\rob\appdata\local\programs\python\python38\lib\site-packages\dbt\include\starter_project
[0m15:36:17.858969 [info ] [MainThread]: Profile nfl_roster written to C:\Users\Rob\.dbt\profiles.yml using target's sample configuration. Once updated, you'll be able to start developing with dbt.
[0m15:36:17.858969 [info ] [MainThread]: 
Your new dbt project "nfl_roster" was created!

For more information on how to configure the profiles.yml file,
please consult the dbt documentation here:

  https://docs.getdbt.com/docs/configure-your-profile

One more thing:

Need help? Don't hesitate to reach out to us via GitHub issues or on Slack:

  https://community.getdbt.com/

Happy modeling!

[0m15:36:17.858969 [debug] [MainThread]: Sending event: {'category': 'dbt', 'action': 'invocation', 'label': 'end', 'context': [<snowplow_tracker.self_describing_json.SelfDescribingJson object at 0x0000021B23E10190>, <snowplow_tracker.self_describing_json.SelfDescribingJson object at 0x0000021B23E10370>, <snowplow_tracker.self_describing_json.SelfDescribingJson object at 0x0000021B23E10220>]}
[0m15:36:17.858969 [debug] [MainThread]: Flushing usage events


============================== 2022-10-17 15:58:17.314942 | 65ed2402-2dc1-4a9d-b7d3-6fb2e190eafe ==============================
[0m15:58:17.314942 [info ] [MainThread]: Running with dbt=1.3.0
[0m15:58:17.314942 [debug] [MainThread]: running dbt with arguments {'write_json': True, 'use_colors': True, 'printer_width': 80, 'version_check': True, 'partial_parse': True, 'static_parser': True, 'profiles_dir': 'C:\\Users\\Rob\\.dbt', 'send_anonymous_usage_stats': True, 'event_buffer_size': 100000, 'quiet': False, 'no_print': False, 'config_dir': False, 'which': 'debug', 'indirect_selection': 'eager'}
[0m15:58:17.314942 [debug] [MainThread]: Tracking: tracking
[0m15:58:17.314942 [debug] [MainThread]: Sending event: {'category': 'dbt', 'action': 'invocation', 'label': 'start', 'context': [<snowplow_tracker.self_describing_json.SelfDescribingJson object at 0x000002183015CD00>, <snowplow_tracker.self_describing_json.SelfDescribingJson object at 0x0000021830160940>, <snowplow_tracker.self_describing_json.SelfDescribingJson object at 0x0000021830160C10>]}
[0m15:58:17.393001 [debug] [MainThread]: Executing "git --help"
[0m15:58:17.531013 [debug] [MainThread]: STDOUT: "b"usage: git [--version] [--help] [-C <path>] [-c name=value]\n           [--exec-path[=<path>]] [--html-path] [--man-path] [--info-path]\n           [-p | --paginate | --no-pager] [--no-replace-objects] [--bare]\n           [--git-dir=<path>] [--work-tree=<path>] [--namespace=<name>]\n           <command> [<args>]\n\nThese are common Git commands used in various situations:\n\nstart a working area (see also: git help tutorial)\n   clone      Clone a repository into a new directory\n   init       Create an empty Git repository or reinitialize an existing one\n\nwork on the current change (see also: git help everyday)\n   add        Add file contents to the index\n   mv         Move or rename a file, a directory, or a symlink\n   reset      Reset current HEAD to the specified state\n   rm         Remove files from the working tree and from the index\n\nexamine the history and state (see also: git help revisions)\n   bisect     Use binary search to find the commit that introduced a bug\n   grep       Print lines matching a pattern\n   log        Show commit logs\n   show       Show various types of objects\n   status     Show the working tree status\n\ngrow, mark and tweak your common history\n   branch     List, create, or delete branches\n   checkout   Switch branches or restore working tree files\n   commit     Record changes to the repository\n   diff       Show changes between commits, commit and working tree, etc\n   merge      Join two or more development histories together\n   rebase     Reapply commits on top of another base tip\n   tag        Create, list, delete or verify a tag object signed with GPG\n\ncollaborate (see also: git help workflows)\n   fetch      Download objects and refs from another repository\n   pull       Fetch from and integrate with another repository or a local branch\n   push       Update remote refs along with associated objects\n\n'git help -a' and 'git help -g' list available subcommands and some\nconcept guides. See 'git help <command>' or 'git help <concept>'\nto read about a specific subcommand or concept.\n""
[0m15:58:17.531013 [debug] [MainThread]: STDERR: "b''"
[0m15:58:17.531013 [debug] [MainThread]: Acquiring new postgres connection "debug"
[0m15:58:17.531013 [debug] [MainThread]: Using postgres connection "debug"
[0m15:58:17.531013 [debug] [MainThread]: On debug: select 1 as id
[0m15:58:17.531013 [debug] [MainThread]: Opening a new connection, currently in state init
[0m15:58:17.615646 [debug] [MainThread]: SQL status: SELECT 1 in 0.08 seconds
[0m15:58:17.615646 [debug] [MainThread]: On debug: Close
[0m15:58:17.615646 [debug] [MainThread]: Sending event: {'category': 'dbt', 'action': 'invocation', 'label': 'end', 'context': [<snowplow_tracker.self_describing_json.SelfDescribingJson object at 0x0000021830243D60>, <snowplow_tracker.self_describing_json.SelfDescribingJson object at 0x00000218302437F0>, <snowplow_tracker.self_describing_json.SelfDescribingJson object at 0x0000021830243310>]}
[0m15:58:17.615646 [debug] [MainThread]: Flushing usage events
[0m15:58:18.179489 [debug] [MainThread]: Connection 'debug' was properly closed.
